<?xml version="1.0" encoding="UTF-8"?>
<testng-results ignored="0" total="1" passed="1" failed="0" skipped="0">
  <reporter-output>
  </reporter-output>
  <suite started-at="2023-03-04T13:56:52 EST" name="Default suite" finished-at="2023-03-04T13:57:13 EST" duration-ms="20201">
    <groups>
      <group name="cucumber">
        <method signature="AbstractTestNGCucumberTests.feature(cucumber.api.testng.CucumberFeatureWrapper)[pri:0, instance:runnerPackage.cucumberRunnerclass@cb0755b]" name="feature" class="cucumber.api.testng.AbstractTestNGCucumberTests"/>
      </group> <!-- cucumber -->
    </groups>
    <test started-at="2023-03-04T13:56:52 EST" name="Default test" finished-at="2023-03-04T13:57:13 EST" duration-ms="20201">
      <class name="runnerPackage.cucumberRunnerclass">
        <test-method is-config="true" signature="setUpClass()[pri:0, instance:runnerPackage.cucumberRunnerclass@cb0755b]" started-at="2023-03-04T13:56:52 EST" name="setUpClass" finished-at="2023-03-04T13:56:53 EST" duration-ms="216" status="PASS">
          <reporter-output>
          </reporter-output>
        </test-method> <!-- setUpClass -->
        <test-method signature="feature(cucumber.api.testng.CucumberFeatureWrapper)[pri:0, instance:runnerPackage.cucumberRunnerclass@cb0755b]" started-at="2023-03-04T13:56:53 EST" name="feature" description="Runs Cucumber Feature" data-provider="features" finished-at="2023-03-04T13:57:13 EST" duration-ms="19813" status="PASS">
          <params>
            <param index="0">
              <value>
                <![CDATA[This is  Cart1 practice Feature]]>
              </value>
            </param>
          </params>
          <reporter-output>
          </reporter-output>
        </test-method> <!-- feature -->
        <test-method is-config="true" signature="tearDownClass()[pri:0, instance:runnerPackage.cucumberRunnerclass@cb0755b]" started-at="2023-03-04T13:57:13 EST" name="tearDownClass" finished-at="2023-03-04T13:57:13 EST" duration-ms="34" status="PASS">
          <reporter-output>
          </reporter-output>
        </test-method> <!-- tearDownClass -->
      </class> <!-- runnerPackage.cucumberRunnerclass -->
    </test> <!-- Default test -->
  </suite> <!-- Default suite -->
</testng-results>
